2023-01-29 01:54:35,681 - INFO - load_history_pk:[{'id': 1674917262.22423, 'datetime': datetime.datetime(2023, 1, 28, 23, 47, 42, 224235), 'status': 'NEW', 'symbol': 'WAVESBUSD', 'longshort': False, 'entry': 2.8461, 'target': 2.7894, 'sl_price': 2.8535, 'limit_orderId': 624660172, 'sl_orderId': 624660195, 'tp_orderId': None, 'wavepattern': <models.WavePattern.WavePattern object at 0x7f9aa88afb50>, 'data': [{'orderId': 624660172, 'symbol': 'WAVESBUSD', 'status': 'NEW', 'clientOrderId': '2.7894', 'price': '2.8461000', 'avgPrice': '0.00000000', 'origQty': '202.7', 'executedQty': '0', 'cumQty': '0', 'cumQuote': '0', 'timeInForce': 'GTC', 'type': 'LIMIT', 'reduceOnly': False, 'closePosition': False, 'side': 'SELL', 'positionSide': 'SHORT', 'stopPrice': '0', 'workingType': 'CONTRACT_PRICE', 'priceProtect': False, 'origType': 'LIMIT', 'updateTime': 1674917262247}, {'orderId': 624660195, 'symbol': 'WAVESBUSD', 'status': 'NEW', 'clientOrderId': 'sl_624660172', 'price': '0', 'avgPrice': '0.00000000', 'origQty': '0', 'executedQty': '0', 'cumQty': '0', 'cumQuote': '0', 'timeInForce': 'GTC', 'type': 'STOP_MARKET', 'reduceOnly': True, 'closePosition': True, 'side': 'BUY', 'positionSide': 'SHORT', 'stopPrice': '2.8535000', 'workingType': 'CONTRACT_PRICE', 'priceProtect': True, 'origType': 'STOP_MARKET', 'updateTime': 1674917262297}]}, {'id': 1674918626.458065, 'datetime': datetime.datetime(2023, 1, 29, 0, 10, 26, 458071), 'status': 'DONE', 'symbol': 'BTCBUSD', 'longshort': False, 'entry': 23011.5, 'target': 22959.1, 'sl_price': 23018.4, 'limit_orderId': 25330205986, 'sl_orderId': 25330206030, 'tp_orderId': None, 'wavepattern': <models.WavePattern.WavePattern object at 0x7f9aa88afe20>, 'data': [{'orderId': 25330205986, 'symbol': 'BTCBUSD', 'status': 'NEW', 'clientOrderId': '22959.1', 'price': '23011.5', 'avgPrice': '0.0000', 'origQty': '0.019', 'executedQty': '0', 'cumQty': '0', 'cumQuote': '0', 'timeInForce': 'GTC', 'type': 'LIMIT', 'reduceOnly': False, 'closePosition': False, 'side': 'SELL', 'positionSide': 'SHORT', 'stopPrice': '0', 'workingType': 'CONTRACT_PRICE', 'priceProtect': False, 'origType': 'LIMIT', 'updateTime': 1674918626504}, {'orderId': 25330206030, 'symbol': 'BTCBUSD', 'status': 'NEW', 'clientOrderId': 'sl_25330205986', 'price': '0', 'avgPrice': '0.0000', 'origQty': '0', 'executedQty': '0', 'cumQty': '0', 'cumQuote': '0', 'timeInForce': 'GTC', 'type': 'STOP_MARKET', 'reduceOnly': True, 'closePosition': True, 'side': 'BUY', 'positionSide': 'SHORT', 'stopPrice': '23018.4', 'workingType': 'CONTRACT_PRICE', 'priceProtect': True, 'origType': 'STOP_MARKET', 'updateTime': 1674918626559}]}, {'id': 1674918805.906289, 'datetime': datetime.datetime(2023, 1, 29, 0, 13, 25, 906296), 'status': 'DONE', 'symbol': 'ICPBUSD', 'longshort': False, 'entry': 5.931, 'target': 5.876, 'sl_price': 5.938, 'limit_orderId': 398375961, 'sl_orderId': 398375966, 'tp_orderId': 398384361, 'wavepattern': <models.WavePattern.WavePattern object at 0x7f9aa88bf100>, 'data': None}]
2023-01-29 01:54:35,924 - INFO - -------------------------------
2023-01-29 01:54:35,925 - INFO - exchange:BINANCE
2023-01-29 01:54:35,925 - INFO - exchange_symbol:binance_busd_perp
2023-01-29 01:54:35,925 - INFO - futures:True
2023-01-29 01:54:35,925 - INFO - type:['long', 'short']
2023-01-29 01:54:35,925 - INFO - leverage:8
2023-01-29 01:54:35,925 - INFO - qtyrate:0.25
2023-01-29 01:54:35,925 - INFO - seed:100
2023-01-29 01:54:35,925 - INFO - fee:0.0%
2023-01-29 01:54:35,925 - INFO - fee_maker:0.02%
2023-01-29 01:54:35,925 - INFO - fee_taker:0.02%
2023-01-29 01:54:35,925 - INFO - fee_slippage:0.01%
2023-01-29 01:54:35,925 - INFO - (fee_maker_maker:0.32%
2023-01-29 01:54:35,925 - INFO - (fee_maker_taker_slippage:0.4%
2023-01-29 01:54:35,925 - INFO - timeframe: 5
2023-01-29 01:54:35,925 - INFO - period_days_ago: 1
2023-01-29 01:54:35,926 - INFO - period_days_ago_till: 0
2023-01-29 01:54:35,926 - INFO - period_interval: 2
2023-01-29 01:54:35,926 - INFO - round_trip_count: 1
2023-01-29 01:54:35,926 - INFO - compounding: True
2023-01-29 01:54:35,926 - INFO - fcnt: [11]
2023-01-29 01:54:35,926 - INFO - loop_count: 1
2023-01-29 01:54:35,926 - INFO - symbol_duplicated: False
2023-01-29 01:54:35,926 - INFO - symbol_random: True
2023-01-29 01:54:35,926 - INFO - symbol_last: False
2023-01-29 01:54:35,926 - INFO - symbol_length: False
2023-01-29 01:54:35,927 - INFO - period: 2023-01-28 ~ 2023-01-29
2023-01-29 01:54:35,927 - INFO - up_to_count: 3
2023-01-29 01:54:35,927 - INFO - condi_same_date: True
2023-01-29 01:54:35,927 - INFO - o_fibo: 118.0
2023-01-29 01:54:35,927 - INFO - h_fibo: 100.0
2023-01-29 01:54:35,927 - INFO - l_fibo: 100.0
2023-01-29 01:54:35,927 - INFO - entry_fibo: 0.045
2023-01-29 01:54:35,927 - INFO - target_fibo: 0.381
2023-01-29 01:54:35,927 - INFO - sl_fibo: -0.005
2023-01-29 01:54:35,927 - INFO - intersect_idx: False
2023-01-29 01:54:35,927 - INFO - plotview: True
2023-01-29 01:54:35,927 - INFO - printout: False
2023-01-29 01:54:35,927 - INFO - -------------------------------
2023-01-29 01:54:35,928 - INFO - set  x 8 leverage start
2023-01-29 01:55:12,518 - INFO - set  x 8 leverage done
2023-01-29 01:55:12,518 - INFO - 40:['SOLBUSD', 'GMTBUSD', 'LTCBUSD', 'PHBBUSD', 'FTMBUSD', 'ETHBUSD', 'APTBUSD', 'TLMBUSD', 'AMBBUSD', 'DOTBUSD', 'DODOBUSD', 'ADABUSD', 'AUCTIONBUSD', 'LDOBUSD', 'WAVESBUSD', '1000SHIBBUSD', 'MATICBUSD', 'ICPBUSD', 'GALABUSD', 'FILBUSD', 'GALBUSD', 'ETCBUSD', 'LEVERBUSD', 'APEBUSD', 'LINKBUSD', 'FTTBUSD', 'CVXBUSD', 'DOGEBUSD', 'AGIXBUSD', 'XRPBUSD', 'UNIBUSD', 'NEARBUSD', 'ANCBUSD', 'BTCBUSD', 'LUNA2BUSD', 'AVAXBUSD', 'BNBBUSD', 'SANDBUSD', '1000LUNCBUSD', 'TRXBUSD']
2023-01-29 02:04:14,606 - INFO - [{'orderId': 5254013208, 'symbol': 'SOLBUSD', 'status': 'NEW', 'clientOrderId': '24.072', 'price': '24.3210', 'avgPrice': '0.0000', 'origQty': '23', 'executedQty': '0', 'cumQty': '0', 'cumQuote': '0', 'timeInForce': 'GTC', 'type': 'LIMIT', 'reduceOnly': False, 'closePosition': False, 'side': 'SELL', 'positionSide': 'SHORT', 'stopPrice': '0', 'workingType': 'CONTRACT_PRICE', 'priceProtect': False, 'origType': 'LIMIT', 'updateTime': 1674925454837}]
2023-01-29 02:04:14,659 - INFO - [{'orderId': 5254013212, 'symbol': 'SOLBUSD', 'status': 'NEW', 'clientOrderId': 'sl_5254013208', 'price': '0', 'avgPrice': '0.0000', 'origQty': '0', 'executedQty': '0', 'cumQty': '0', 'cumQuote': '0', 'timeInForce': 'GTC', 'type': 'STOP_MARKET', 'reduceOnly': True, 'closePosition': True, 'side': 'BUY', 'positionSide': 'SHORT', 'stopPrice': '24.3540', 'workingType': 'CONTRACT_PRICE', 'priceProtect': True, 'origType': 'STOP_MARKET', 'updateTime': 1674925454892}]
2023-01-29 02:26:13,154 - INFO - [{'orderId': 44493712, 'symbol': 'AGIXBUSD', 'status': 'NEW', 'clientOrderId': '0.1883', 'price': '0.1843000', 'avgPrice': '0.0000000', 'origQty': '2311', 'executedQty': '0', 'cumQty': '0', 'cumQuote': '0', 'timeInForce': 'GTC', 'type': 'LIMIT', 'reduceOnly': False, 'closePosition': False, 'side': 'BUY', 'positionSide': 'LONG', 'stopPrice': '0', 'workingType': 'CONTRACT_PRICE', 'priceProtect': False, 'origType': 'LIMIT', 'updateTime': 1674926773263}]
2023-01-29 02:26:13,207 - INFO - [{'orderId': 44493714, 'symbol': 'AGIXBUSD', 'status': 'NEW', 'clientOrderId': 'sl_44493712', 'price': '0', 'avgPrice': '0.0000000', 'origQty': '0', 'executedQty': '0', 'cumQty': '0', 'cumQuote': '0', 'timeInForce': 'GTC', 'type': 'STOP_MARKET', 'reduceOnly': True, 'closePosition': True, 'side': 'SELL', 'positionSide': 'LONG', 'stopPrice': '0.1837000', 'workingType': 'CONTRACT_PRICE', 'priceProtect': True, 'origType': 'STOP_MARKET', 'updateTime': 1674926773316}]
2023-01-29 02:49:03,202 - INFO - [{'orderId': 487524496, 'symbol': 'GALBUSD', 'status': 'NEW', 'clientOrderId': '2.195', 'price': '2.2190000', 'avgPrice': '0.0000000', 'origQty': '146', 'executedQty': '0', 'cumQty': '0', 'cumQuote': '0', 'timeInForce': 'GTC', 'type': 'LIMIT', 'reduceOnly': False, 'closePosition': False, 'side': 'SELL', 'positionSide': 'SHORT', 'stopPrice': '0', 'workingType': 'CONTRACT_PRICE', 'priceProtect': False, 'origType': 'LIMIT', 'updateTime': 1674928143238}]
2023-01-29 02:49:03,259 - INFO - [{'orderId': 487524497, 'symbol': 'GALBUSD', 'status': 'NEW', 'clientOrderId': 'sl_487524496', 'price': '0', 'avgPrice': '0.0000000', 'origQty': '0', 'executedQty': '0', 'cumQty': '0', 'cumQuote': '0', 'timeInForce': 'GTC', 'type': 'STOP_MARKET', 'reduceOnly': True, 'closePosition': True, 'side': 'BUY', 'positionSide': 'SHORT', 'stopPrice': '2.2220000', 'workingType': 'CONTRACT_PRICE', 'priceProtect': True, 'origType': 'STOP_MARKET', 'updateTime': 1674928143294}]
2023-01-29 02:51:36,504 - INFO - [{'orderId': 487529310, 'symbol': 'GALBUSD', 'status': 'NEW', 'clientOrderId': '487524496', 'price': '2.1950000', 'avgPrice': '0.0000000', 'origQty': '146', 'executedQty': '0', 'cumQty': '0', 'cumQuote': '0', 'timeInForce': 'GTC', 'type': 'LIMIT', 'reduceOnly': True, 'closePosition': False, 'side': 'BUY', 'positionSide': 'SHORT', 'stopPrice': '0', 'workingType': 'CONTRACT_PRICE', 'priceProtect': False, 'origType': 'LIMIT', 'updateTime': 1674928296537}]
2023-01-29 04:04:27,166 - INFO - [{'orderId': 820341497, 'symbol': 'APTBUSD', 'status': 'NEW', 'clientOrderId': '18.0435', 'price': '18.32730', 'avgPrice': '0.000000', 'origQty': '17.7', 'executedQty': '0', 'cumQty': '0', 'cumQuote': '0', 'timeInForce': 'GTC', 'type': 'LIMIT', 'reduceOnly': False, 'closePosition': False, 'side': 'SELL', 'positionSide': 'SHORT', 'stopPrice': '0', 'workingType': 'CONTRACT_PRICE', 'priceProtect': False, 'origType': 'LIMIT', 'updateTime': 1674932667236}]
2023-01-29 04:04:27,220 - INFO - [{'orderId': 820341557, 'symbol': 'APTBUSD', 'status': 'NEW', 'clientOrderId': 'sl_820341497', 'price': '0', 'avgPrice': '0.000000', 'origQty': '0', 'executedQty': '0', 'cumQty': '0', 'cumQuote': '0', 'timeInForce': 'GTC', 'type': 'STOP_MARKET', 'reduceOnly': True, 'closePosition': True, 'side': 'BUY', 'positionSide': 'SHORT', 'stopPrice': '18.36450', 'workingType': 'CONTRACT_PRICE', 'priceProtect': True, 'origType': 'STOP_MARKET', 'updateTime': 1674932667290}]
2023-01-29 04:12:38,852 - INFO - APTBUSD _update history to new status:DONE
2023-01-29 04:12:53,422 - INFO - [{'orderId': 25349024094, 'symbol': 'BTCBUSD', 'status': 'NEW', 'clientOrderId': '23016.8', 'price': '23042.5', 'avgPrice': '0.0000', 'origQty': '0.014', 'executedQty': '0', 'cumQty': '0', 'cumQuote': '0', 'timeInForce': 'GTC', 'type': 'LIMIT', 'reduceOnly': False, 'closePosition': False, 'side': 'SELL', 'positionSide': 'SHORT', 'stopPrice': '0', 'workingType': 'CONTRACT_PRICE', 'priceProtect': False, 'origType': 'LIMIT', 'updateTime': 1674933173487}]
2023-01-29 04:12:53,470 - INFO - [{'orderId': 25349024235, 'symbol': 'BTCBUSD', 'status': 'NEW', 'clientOrderId': 'sl_25349024094', 'price': '0', 'avgPrice': '0.0000', 'origQty': '0', 'executedQty': '0', 'cumQty': '0', 'cumQuote': '0', 'timeInForce': 'GTC', 'type': 'STOP_MARKET', 'reduceOnly': True, 'closePosition': True, 'side': 'BUY', 'positionSide': 'SHORT', 'stopPrice': '23045.8', 'workingType': 'CONTRACT_PRICE', 'priceProtect': True, 'origType': 'STOP_MARKET', 'updateTime': 1674933173535}]
