[Errno 2] No such file or directory: 'oohistory_69181.pkl'
[Errno 2] No such file or directory: 'oohistory_69181.pkl'


     _____             _ _              ______       _
    |_   _|           | (_)             | ___ \     | |
      | |_ __ __ _  __| |_ _ __   __ _  | |_/ / ___ | |_
      | | '__/ _` |/ _` | | '_ \ / _` | | ___ \/ _ \| __|
      | | | | (_| | (_| | | | | | (_| | | |_/ / (_) | |_
      \_/_|  \__,_|\__,_|_|_| |_|\__, | \____/ \___/ \__| v0.2 BACK TESTOR
                                  __/ |
                                 |___/

    
-------------------------------
exchange:BINANCE
exchange_symbol:binance_usdt_busd_perp
futures:True
type:['long', 'short']
leverage:0.25
seed:100
fee:0.0%
fee_limit:0.018000000000000002%
fee_sl:0.036000000000000004%
fee_tp:0.018000000000000002%
tp_type:maker
fee_slippage:0.01%
(fee_limit_sl:0.016%
timeframe: 3
period_days_ago: 75
period_days_ago_till: 60
period_interval: 2
round_trip_count: 1
compounding: True
fcnt: [31, 51, 71, 91, 111]
loop_count: 1
symbol_duplicated: False
symbol_random: True
symbol_each: True
symbol_last: False
symbol_length: False
period: 2022-11-26 ~ 2022-12-11
up_to_count: 3
condi_same_date: True
o_fibo: 118.0
h_fibo: 100.0
l_fibo: 100.0
entry_fibo: 0.999
target_fibo: 1.1
sl_fibo: -0.005
intersect_idx: False
plotview: False
printout: False
-------------------------------
seq:69181
201,['KNCUSDT', 'ICPBUSD', 'APTUSDT', 'CHZUSDT', 'BLUEBIRDUSDT', 'CVXBUSD', 'DENTUSDT', 'AUCTIONBUSD', 'BNBBUSD', 'ANTUSDT', 'DYDXUSDT', 'TRXBUSD', 'YFIUSDT', 'EOSUSDT', 'XMRUSDT', 'ANCBUSD', 'MATICUSDT', 'LTCBUSD', 'FTTUSDT', 'COTIUSDT', 'MINAUSDT', 'JASMYUSDT', 'LDOUSDT', 'LDOBUSD', 'ZECUSDT', 'FILUSDT', 'LUNA2BUSD', 'ALPHAUSDT', 'C98USDT', 'GMTBUSD', 'BELUSDT', 'FTTBUSD', 'UNIUSDT', 'ETCUSDT', 'BNBUSDT', 'STMXUSDT', 'DUSKUSDT', 'REEFUSDT', 'APEUSDT', 'KLAYUSDT', 'NEOUSDT', 'XEMUSDT', 'ROSEUSDT', 'NEARUSDT', 'BLZUSDT', 'BNXUSDT', 'RLCUSDT', 'GMTUSDT', 'ALICEUSDT', 'SUSHIUSDT', 'GALUSDT', 'SRMUSDT', 'MANAUSDT', 'FETUSDT', 'FLMUSDT', 'FTMBUSD', 'KAVAUSDT', 'API3USDT', 'DODOBUSD', 'WOOUSDT', 'ARPAUSDT', 'XTZUSDT', 'FLOWUSDT', 'FTMUSDT', 'SOLBUSD', 'ARUSDT', '1000SHIBBUSD', 'GRTUSDT', 'TOMOUSDT', 'EGLDUSDT', 'SANDUSDT', 'AGIXBUSD', '1000XECUSDT', 'ETCBUSD', 'WAVESUSDT', 'OCEANUSDT', 'XRPBUSD', 'ETHUSDT', 'LUNA2USDT', 'CRVUSDT', 'FILBUSD', 'IOTAUSDT', 'BTSUSDT', 'RVNUSDT', '1INCHUSDT', 'AAVEUSDT', 'XRPUSDT', 'SXPUSDT', 'APTBUSD', 'CELOUSDT', 'APEBUSD', 'GALAUSDT', 'ATAUSDT', 'GTCUSDT', 'UNIBUSD', 'SFPUSDT', 'DARUSDT', 'ANKRUSDT', 'ATOMUSDT', 'ALGOUSDT', 'ONEUSDT', 'STGUSDT', 'CVXUSDT', 'DOTBUSD', 'OMGUSDT', 'LITUSDT', 'UNFIUSDT', 'THETAUSDT', 'QTUMUSDT', 'OGNUSDT', 'MASKUSDT', 'ICXUSDT', 'GALABUSD', 'MTLUSDT', 'ENJUSDT', 'BTCUSDT', 'AVAXBUSD', 'SANDBUSD', 'NEARBUSD', 'LPTUSDT', 'ETHBUSD', 'DOGEBUSD', 'HIGHUSDT', 'ZILUSDT', 'BCHUSDT', 'ADABUSD', 'ICPUSDT', 'DGBUSDT', 'TRBUSDT', 'LINKUSDT', 'CTSIUSDT', 'HNTUSDT', 'LRCUSDT', '1000LUNCUSDT', 'OPUSDT', 'TRXUSDT', 'PHBBUSD', 'ZENUSDT', 'COMPUSDT', 'AUDIOUSDT', 'CTKUSDT', 'TUSDT', 'MATICBUSD', 'QNTUSDT', '1000LUNCBUSD', 'SCUSDT', 'BTCBUSD', '1000SHIBUSDT', 'IOSTUSDT', 'ADAUSDT', 'BALUSDT', 'BAKEUSDT', 'BTCDOMUSDT', 'VETUSDT', 'AXSUSDT', 'LINKBUSD', 'IOTXUSDT', 'LEVERBUSD', 'RUNEUSDT', 'STORJUSDT', 'SOLUSDT', 'MKRUSDT', 'LTCUSDT', 'SPELLUSDT', 'NKNUSDT', 'ENSUSDT', 'BATUSDT', 'CVCUSDT', 'RNDRUSDT', 'DEFIUSDT', 'ZRXUSDT', 'AVAXUSDT', 'HOOKUSDT', 'CHRUSDT', 'INJUSDT', 'FOOTBALLUSDT', 'KSMUSDT', 'XLMUSDT', 'RAYUSDT', 'LINAUSDT', 'BANDUSDT', 'SKLUSDT', 'SNXUSDT', 'DOGEUSDT', 'TLMBUSD', 'TLMUSDT', 'HBARUSDT', 'AMBBUSD', 'CELRUSDT', 'IMXUSDT', 'GALBUSD', 'RENUSDT', 'FXSUSDT', 'DASHUSDT', 'RSRUSDT', 'MAGICUSDT', 'ONTUSDT', 'WAVESBUSD', 'HOTUSDT', 'PEOPLEUSDT', 'DOTUSDT']
